<?xml version="1.0" encoding="UTF-8"?>
<!-- Generated by org.testng.reporters.JUnitXMLReporter -->
<testsuite ignored="0" hostname="Gopi" failures="0" tests="4" name="Default test" time="14.509" errors="0" timestamp="2023-05-03T21:57:22 IST">
  <testcase classname="OrangeHRMPerformance.Performance" name="login" time="2.919"/>
  <testcase classname="OrangeHRMPerformance.Performance" name="performace" time="2.232"/>
  <testcase classname="OrangeHRMPerformance.Performance" name="configure" time="1.26"/>
  <testcase classname="OrangeHRMPerformance.Performance" name="KPIs" time="1.131"/>
</testsuite> <!-- Default test -->
