<?xml version="1.0" encoding="UTF-8"?>
<testng-results ignored="0" total="4" passed="4" failed="0" skipped="0">
  <reporter-output>
  </reporter-output>
  <suite started-at="2023-05-03T21:57:07 IST" name="Default suite" finished-at="2023-05-03T21:57:22 IST" duration-ms="14509">
    <groups>
    </groups>
    <test started-at="2023-05-03T21:57:07 IST" name="Default test" finished-at="2023-05-03T21:57:22 IST" duration-ms="14509">
      <class name="OrangeHRMPerformance.Performance">
        <test-method is-config="true" signature="openBrowser()[pri:0, instance:OrangeHRMPerformance.Performance@799f10e1]" started-at="2023-05-03T21:57:07 IST" name="openBrowser" finished-at="2023-05-03T21:57:14 IST" duration-ms="6878" status="PASS">
          <reporter-output>
          </reporter-output>
        </test-method> <!-- openBrowser -->
        <test-method signature="login()[pri:1, instance:OrangeHRMPerformance.Performance@799f10e1]" started-at="2023-05-03T21:57:14 IST" name="login" finished-at="2023-05-03T21:57:17 IST" duration-ms="2919" status="PASS">
          <reporter-output>
          </reporter-output>
        </test-method> <!-- login -->
        <test-method signature="performace()[pri:2, instance:OrangeHRMPerformance.Performance@799f10e1]" started-at="2023-05-03T21:57:17 IST" name="performace" finished-at="2023-05-03T21:57:19 IST" duration-ms="2232" status="PASS">
          <reporter-output>
          </reporter-output>
        </test-method> <!-- performace -->
        <test-method signature="configure()[pri:3, instance:OrangeHRMPerformance.Performance@799f10e1]" started-at="2023-05-03T21:57:19 IST" name="configure" finished-at="2023-05-03T21:57:21 IST" duration-ms="1260" status="PASS">
          <reporter-output>
          </reporter-output>
        </test-method> <!-- configure -->
        <test-method signature="KPIs()[pri:4, instance:OrangeHRMPerformance.Performance@799f10e1]" started-at="2023-05-03T21:57:21 IST" name="KPIs" finished-at="2023-05-03T21:57:22 IST" duration-ms="1131" status="PASS">
          <reporter-output>
          </reporter-output>
        </test-method> <!-- KPIs -->
      </class> <!-- OrangeHRMPerformance.Performance -->
    </test> <!-- Default test -->
  </suite> <!-- Default suite -->
</testng-results>
